<?xml version="1.0" encoding="UTF-8"?>
<testsuite xmlns:xsi="http://www.w3.org/2001/XMLSchema-instance" xsi:noNamespaceSchemaLocation="https://maven.apache.org/surefire/maven-surefire-plugin/xsd/surefire-test-report-3.0.xsd" version="3.0" name="TestSuite" time="103.792" tests="3" errors="0" skipped="1" failures="0">
  <properties>
    <property name="java.specification.version" value="18"/>
    <property name="webdriver.chrome.driver" value="/Users/ranjeetkendre/Documents/chromedriver"/>
    <property name="sun.jnu.encoding" value="UTF-8"/>
    <property name="java.class.path" value="/Users/ranjeetkendre/eclipse-workspace/11March_Automation_Framework/target/test-classes:/Users/ranjeetkendre/eclipse-workspace/11March_Automation_Framework/target/classes:/Users/ranjeetkendre/.m2/repository/org/apache/poi/poi-ooxml/5.2.2/poi-ooxml-5.2.2.jar:/Users/ranjeetkendre/.m2/repository/org/apache/poi/poi-ooxml-lite/5.2.2/poi-ooxml-lite-5.2.2.jar:/Users/ranjeetkendre/.m2/repository/org/apache/xmlbeans/xmlbeans/5.0.3/xmlbeans-5.0.3.jar:/Users/ranjeetkendre/.m2/repository/org/apache/commons/commons-compress/1.21/commons-compress-1.21.jar:/Users/ranjeetkendre/.m2/repository/commons-io/commons-io/2.11.0/commons-io-2.11.0.jar:/Users/ranjeetkendre/.m2/repository/com/github/virtuald/curvesapi/1.07/curvesapi-1.07.jar:/Users/ranjeetkendre/.m2/repository/org/apache/logging/log4j/log4j-api/2.17.2/log4j-api-2.17.2.jar:/Users/ranjeetkendre/.m2/repository/org/apache/commons/commons-collections4/4.4/commons-collections4-4.4.jar:/Users/ranjeetkendre/.m2/repository/org/seleniumhq/selenium/selenium-java/4.9.0/selenium-java-4.9.0.jar:/Users/ranjeetkendre/.m2/repository/org/seleniumhq/selenium/selenium-api/4.9.0/selenium-api-4.9.0.jar:/Users/ranjeetkendre/.m2/repository/org/seleniumhq/selenium/selenium-chrome-driver/4.9.0/selenium-chrome-driver-4.9.0.jar:/Users/ranjeetkendre/.m2/repository/com/google/auto/service/auto-service-annotations/1.0.1/auto-service-annotations-1.0.1.jar:/Users/ranjeetkendre/.m2/repository/com/google/auto/service/auto-service/1.0.1/auto-service-1.0.1.jar:/Users/ranjeetkendre/.m2/repository/com/google/auto/auto-common/1.2/auto-common-1.2.jar:/Users/ranjeetkendre/.m2/repository/com/google/guava/guava/31.1-jre/guava-31.1-jre.jar:/Users/ranjeetkendre/.m2/repository/com/google/guava/failureaccess/1.0.1/failureaccess-1.0.1.jar:/Users/ranjeetkendre/.m2/repository/com/google/guava/listenablefuture/9999.0-empty-to-avoid-conflict-with-guava/listenablefuture-9999.0-empty-to-avoid-conflict-with-guava.jar:/Users/ranjeetkendre/.m2/repository/com/google/code/findbugs/jsr305/3.0.2/jsr305-3.0.2.jar:/Users/ranjeetkendre/.m2/repository/org/checkerframework/checker-qual/3.12.0/checker-qual-3.12.0.jar:/Users/ranjeetkendre/.m2/repository/com/google/errorprone/error_prone_annotations/2.11.0/error_prone_annotations-2.11.0.jar:/Users/ranjeetkendre/.m2/repository/com/google/j2objc/j2objc-annotations/1.3/j2objc-annotations-1.3.jar:/Users/ranjeetkendre/.m2/repository/org/seleniumhq/selenium/selenium-chromium-driver/4.9.0/selenium-chromium-driver-4.9.0.jar:/Users/ranjeetkendre/.m2/repository/org/seleniumhq/selenium/selenium-json/4.9.0/selenium-json-4.9.0.jar:/Users/ranjeetkendre/.m2/repository/org/seleniumhq/selenium/selenium-manager/4.9.0/selenium-manager-4.9.0.jar:/Users/ranjeetkendre/.m2/repository/org/seleniumhq/selenium/selenium-devtools-v110/4.9.0/selenium-devtools-v110-4.9.0.jar:/Users/ranjeetkendre/.m2/repository/org/seleniumhq/selenium/selenium-devtools-v111/4.9.0/selenium-devtools-v111-4.9.0.jar:/Users/ranjeetkendre/.m2/repository/org/seleniumhq/selenium/selenium-devtools-v112/4.9.0/selenium-devtools-v112-4.9.0.jar:/Users/ranjeetkendre/.m2/repository/org/seleniumhq/selenium/selenium-devtools-v85/4.9.0/selenium-devtools-v85-4.9.0.jar:/Users/ranjeetkendre/.m2/repository/org/seleniumhq/selenium/selenium-edge-driver/4.9.0/selenium-edge-driver-4.9.0.jar:/Users/ranjeetkendre/.m2/repository/org/seleniumhq/selenium/selenium-firefox-driver/4.9.0/selenium-firefox-driver-4.9.0.jar:/Users/ranjeetkendre/.m2/repository/org/seleniumhq/selenium/selenium-http/4.9.0/selenium-http-4.9.0.jar:/Users/ranjeetkendre/.m2/repository/dev/failsafe/failsafe/3.3.1/failsafe-3.3.1.jar:/Users/ranjeetkendre/.m2/repository/org/seleniumhq/selenium/selenium-ie-driver/4.9.0/selenium-ie-driver-4.9.0.jar:/Users/ranjeetkendre/.m2/repository/org/seleniumhq/selenium/selenium-remote-driver/4.9.0/selenium-remote-driver-4.9.0.jar:/Users/ranjeetkendre/.m2/repository/io/netty/netty-buffer/4.1.91.Final/netty-buffer-4.1.91.Final.jar:/Users/ranjeetkendre/.m2/repository/io/netty/netty-codec-http/4.1.91.Final/netty-codec-http-4.1.91.Final.jar:/Users/ranjeetkendre/.m2/repository/io/netty/netty-codec/4.1.91.Final/netty-codec-4.1.91.Final.jar:/Users/ranjeetkendre/.m2/repository/io/netty/netty-handler/4.1.91.Final/netty-handler-4.1.91.Final.jar:/Users/ranjeetkendre/.m2/repository/io/netty/netty-common/4.1.91.Final/netty-common-4.1.91.Final.jar:/Users/ranjeetkendre/.m2/repository/io/netty/netty-transport-classes-epoll/4.1.91.Final/netty-transport-classes-epoll-4.1.91.Final.jar:/Users/ranjeetkendre/.m2/repository/io/netty/netty-transport-classes-kqueue/4.1.91.Final/netty-transport-classes-kqueue-4.1.91.Final.jar:/Users/ranjeetkendre/.m2/repository/io/netty/netty-transport-native-epoll/4.1.91.Final/netty-transport-native-epoll-4.1.91.Final.jar:/Users/ranjeetkendre/.m2/repository/io/netty/netty-transport-native-kqueue/4.1.91.Final/netty-transport-native-kqueue-4.1.91.Final.jar:/Users/ranjeetkendre/.m2/repository/io/netty/netty-transport-native-unix-common/4.1.91.Final/netty-transport-native-unix-common-4.1.91.Final.jar:/Users/ranjeetkendre/.m2/repository/io/netty/netty-transport/4.1.91.Final/netty-transport-4.1.91.Final.jar:/Users/ranjeetkendre/.m2/repository/io/netty/netty-resolver/4.1.91.Final/netty-resolver-4.1.91.Final.jar:/Users/ranjeetkendre/.m2/repository/io/opentelemetry/opentelemetry-api/1.25.0/opentelemetry-api-1.25.0.jar:/Users/ranjeetkendre/.m2/repository/io/opentelemetry/opentelemetry-context/1.25.0/opentelemetry-context-1.25.0.jar:/Users/ranjeetkendre/.m2/repository/io/opentelemetry/opentelemetry-exporter-logging/1.25.0/opentelemetry-exporter-logging-1.25.0.jar:/Users/ranjeetkendre/.m2/repository/io/opentelemetry/opentelemetry-sdk-metrics/1.25.0/opentelemetry-sdk-metrics-1.25.0.jar:/Users/ranjeetkendre/.m2/repository/io/opentelemetry/opentelemetry-sdk-logs/1.25.0-alpha/opentelemetry-sdk-logs-1.25.0-alpha.jar:/Users/ranjeetkendre/.m2/repository/io/opentelemetry/opentelemetry-api-logs/1.25.0-alpha/opentelemetry-api-logs-1.25.0-alpha.jar:/Users/ranjeetkendre/.m2/repository/io/opentelemetry/opentelemetry-api-events/1.25.0-alpha/opentelemetry-api-events-1.25.0-alpha.jar:/Users/ranjeetkendre/.m2/repository/io/opentelemetry/opentelemetry-sdk-common/1.25.0/opentelemetry-sdk-common-1.25.0.jar:/Users/ranjeetkendre/.m2/repository/io/opentelemetry/opentelemetry-sdk-extension-autoconfigure-spi/1.25.0/opentelemetry-sdk-extension-autoconfigure-spi-1.25.0.jar:/Users/ranjeetkendre/.m2/repository/io/opentelemetry/opentelemetry-sdk-extension-autoconfigure/1.25.0-alpha/opentelemetry-sdk-extension-autoconfigure-1.25.0-alpha.jar:/Users/ranjeetkendre/.m2/repository/io/opentelemetry/opentelemetry-sdk-trace/1.25.0/opentelemetry-sdk-trace-1.25.0.jar:/Users/ranjeetkendre/.m2/repository/io/opentelemetry/opentelemetry-sdk/1.25.0/opentelemetry-sdk-1.25.0.jar:/Users/ranjeetkendre/.m2/repository/io/opentelemetry/opentelemetry-semconv/1.25.0-alpha/opentelemetry-semconv-1.25.0-alpha.jar:/Users/ranjeetkendre/.m2/repository/io/ous/jtoml/2.0.0/jtoml-2.0.0.jar:/Users/ranjeetkendre/.m2/repository/net/bytebuddy/byte-buddy/1.14.4/byte-buddy-1.14.4.jar:/Users/ranjeetkendre/.m2/repository/org/apache/commons/commons-exec/1.3/commons-exec-1.3.jar:/Users/ranjeetkendre/.m2/repository/org/asynchttpclient/async-http-client/2.12.3/async-http-client-2.12.3.jar:/Users/ranjeetkendre/.m2/repository/org/asynchttpclient/async-http-client-netty-utils/2.12.3/async-http-client-netty-utils-2.12.3.jar:/Users/ranjeetkendre/.m2/repository/io/netty/netty-codec-socks/4.1.60.Final/netty-codec-socks-4.1.60.Final.jar:/Users/ranjeetkendre/.m2/repository/io/netty/netty-handler-proxy/4.1.60.Final/netty-handler-proxy-4.1.60.Final.jar:/Users/ranjeetkendre/.m2/repository/io/netty/netty-transport-native-epoll/4.1.60.Final/netty-transport-native-epoll-4.1.60.Final-linux-x86_64.jar:/Users/ranjeetkendre/.m2/repository/io/netty/netty-transport-native-kqueue/4.1.60.Final/netty-transport-native-kqueue-4.1.60.Final-osx-x86_64.jar:/Users/ranjeetkendre/.m2/repository/org/reactivestreams/reactive-streams/1.0.3/reactive-streams-1.0.3.jar:/Users/ranjeetkendre/.m2/repository/com/typesafe/netty/netty-reactive-streams/2.0.4/netty-reactive-streams-2.0.4.jar:/Users/ranjeetkendre/.m2/repository/com/sun/activation/jakarta.activation/1.2.2/jakarta.activation-1.2.2.jar:/Users/ranjeetkendre/.m2/repository/org/seleniumhq/selenium/selenium-safari-driver/4.9.0/selenium-safari-driver-4.9.0.jar:/Users/ranjeetkendre/.m2/repository/org/seleniumhq/selenium/selenium-support/4.9.0/selenium-support-4.9.0.jar:/Users/ranjeetkendre/.m2/repository/org/testng/testng/7.7.1/testng-7.7.1.jar:/Users/ranjeetkendre/.m2/repository/com/beust/jcommander/1.82/jcommander-1.82.jar:/Users/ranjeetkendre/.m2/repository/org/webjars/jquery/3.6.1/jquery-3.6.1.jar:/Users/ranjeetkendre/.m2/repository/org/apache/poi/poi/5.2.3/poi-5.2.3.jar:/Users/ranjeetkendre/.m2/repository/commons-codec/commons-codec/1.15/commons-codec-1.15.jar:/Users/ranjeetkendre/.m2/repository/org/apache/commons/commons-math3/3.6.1/commons-math3-3.6.1.jar:/Users/ranjeetkendre/.m2/repository/com/zaxxer/SparseBitSet/1.2/SparseBitSet-1.2.jar:/Users/ranjeetkendre/.m2/repository/log4j/log4j/1.2.17/log4j-1.2.17.jar:/Users/ranjeetkendre/.m2/repository/org/slf4j/slf4j-api/2.0.7/slf4j-api-2.0.7.jar:/Users/ranjeetkendre/.m2/repository/com/aventstack/extentreports/3.0.0/extentreports-3.0.0.jar:/Users/ranjeetkendre/.m2/repository/org/freemarker/freemarker/2.3.23/freemarker-2.3.23.jar:/Users/ranjeetkendre/.m2/repository/org/mongodb/mongodb-driver/3.3.0/mongodb-driver-3.3.0.jar:/Users/ranjeetkendre/.m2/repository/org/mongodb/bson/3.3.0/bson-3.3.0.jar:/Users/ranjeetkendre/.m2/repository/org/mongodb/mongodb-driver-core/3.3.0/mongodb-driver-core-3.3.0.jar:/Users/ranjeetkendre/.m2/repository/org/apache/httpcomponents/httpclient/4.5.2/httpclient-4.5.2.jar:/Users/ranjeetkendre/.m2/repository/org/apache/httpcomponents/httpcore/4.4.4/httpcore-4.4.4.jar:/Users/ranjeetkendre/.m2/repository/commons-logging/commons-logging/1.2/commons-logging-1.2.jar:/Users/ranjeetkendre/.m2/repository/org/apache/httpcomponents/httpmime/4.5.2/httpmime-4.5.2.jar:"/>
    <property name="java.vm.vendor" value="Oracle Corporation"/>
    <property name="sun.arch.data.model" value="64"/>
    <property name="java.vendor.url" value="https://java.oracle.com/"/>
    <property name="user.timezone" value="Asia/Kolkata"/>
    <property name="os.name" value="Mac OS X"/>
    <property name="java.vm.specification.version" value="18"/>
    <property name="sun.java.launcher" value="SUN_STANDARD"/>
    <property name="user.country" value="IN"/>
    <property name="sun.boot.library.path" value="/Library/Java/JavaVirtualMachines/jdk-18.0.1.1.jdk/Contents/Home/lib"/>
    <property name="sun.java.command" value="/Users/ranjeetkendre/eclipse-workspace/11March_Automation_Framework/target/surefire/surefirebooter-20230724202526576_3.jar /Users/ranjeetkendre/eclipse-workspace/11March_Automation_Framework/target/surefire 2023-07-24T20-25-26_474-jvmRun1 surefire-20230724202526576_1tmp surefire_0-20230724202526576_2tmp"/>
    <property name="http.nonProxyHosts" value="local|*.local|169.254/16|*.169.254/16"/>
    <property name="jdk.debug" value="release"/>
    <property name="surefire.test.class.path" value="/Users/ranjeetkendre/eclipse-workspace/11March_Automation_Framework/target/test-classes:/Users/ranjeetkendre/eclipse-workspace/11March_Automation_Framework/target/classes:/Users/ranjeetkendre/.m2/repository/org/apache/poi/poi-ooxml/5.2.2/poi-ooxml-5.2.2.jar:/Users/ranjeetkendre/.m2/repository/org/apache/poi/poi-ooxml-lite/5.2.2/poi-ooxml-lite-5.2.2.jar:/Users/ranjeetkendre/.m2/repository/org/apache/xmlbeans/xmlbeans/5.0.3/xmlbeans-5.0.3.jar:/Users/ranjeetkendre/.m2/repository/org/apache/commons/commons-compress/1.21/commons-compress-1.21.jar:/Users/ranjeetkendre/.m2/repository/commons-io/commons-io/2.11.0/commons-io-2.11.0.jar:/Users/ranjeetkendre/.m2/repository/com/github/virtuald/curvesapi/1.07/curvesapi-1.07.jar:/Users/ranjeetkendre/.m2/repository/org/apache/logging/log4j/log4j-api/2.17.2/log4j-api-2.17.2.jar:/Users/ranjeetkendre/.m2/repository/org/apache/commons/commons-collections4/4.4/commons-collections4-4.4.jar:/Users/ranjeetkendre/.m2/repository/org/seleniumhq/selenium/selenium-java/4.9.0/selenium-java-4.9.0.jar:/Users/ranjeetkendre/.m2/repository/org/seleniumhq/selenium/selenium-api/4.9.0/selenium-api-4.9.0.jar:/Users/ranjeetkendre/.m2/repository/org/seleniumhq/selenium/selenium-chrome-driver/4.9.0/selenium-chrome-driver-4.9.0.jar:/Users/ranjeetkendre/.m2/repository/com/google/auto/service/auto-service-annotations/1.0.1/auto-service-annotations-1.0.1.jar:/Users/ranjeetkendre/.m2/repository/com/google/auto/service/auto-service/1.0.1/auto-service-1.0.1.jar:/Users/ranjeetkendre/.m2/repository/com/google/auto/auto-common/1.2/auto-common-1.2.jar:/Users/ranjeetkendre/.m2/repository/com/google/guava/guava/31.1-jre/guava-31.1-jre.jar:/Users/ranjeetkendre/.m2/repository/com/google/guava/failureaccess/1.0.1/failureaccess-1.0.1.jar:/Users/ranjeetkendre/.m2/repository/com/google/guava/listenablefuture/9999.0-empty-to-avoid-conflict-with-guava/listenablefuture-9999.0-empty-to-avoid-conflict-with-guava.jar:/Users/ranjeetkendre/.m2/repository/com/google/code/findbugs/jsr305/3.0.2/jsr305-3.0.2.jar:/Users/ranjeetkendre/.m2/repository/org/checkerframework/checker-qual/3.12.0/checker-qual-3.12.0.jar:/Users/ranjeetkendre/.m2/repository/com/google/errorprone/error_prone_annotations/2.11.0/error_prone_annotations-2.11.0.jar:/Users/ranjeetkendre/.m2/repository/com/google/j2objc/j2objc-annotations/1.3/j2objc-annotations-1.3.jar:/Users/ranjeetkendre/.m2/repository/org/seleniumhq/selenium/selenium-chromium-driver/4.9.0/selenium-chromium-driver-4.9.0.jar:/Users/ranjeetkendre/.m2/repository/org/seleniumhq/selenium/selenium-json/4.9.0/selenium-json-4.9.0.jar:/Users/ranjeetkendre/.m2/repository/org/seleniumhq/selenium/selenium-manager/4.9.0/selenium-manager-4.9.0.jar:/Users/ranjeetkendre/.m2/repository/org/seleniumhq/selenium/selenium-devtools-v110/4.9.0/selenium-devtools-v110-4.9.0.jar:/Users/ranjeetkendre/.m2/repository/org/seleniumhq/selenium/selenium-devtools-v111/4.9.0/selenium-devtools-v111-4.9.0.jar:/Users/ranjeetkendre/.m2/repository/org/seleniumhq/selenium/selenium-devtools-v112/4.9.0/selenium-devtools-v112-4.9.0.jar:/Users/ranjeetkendre/.m2/repository/org/seleniumhq/selenium/selenium-devtools-v85/4.9.0/selenium-devtools-v85-4.9.0.jar:/Users/ranjeetkendre/.m2/repository/org/seleniumhq/selenium/selenium-edge-driver/4.9.0/selenium-edge-driver-4.9.0.jar:/Users/ranjeetkendre/.m2/repository/org/seleniumhq/selenium/selenium-firefox-driver/4.9.0/selenium-firefox-driver-4.9.0.jar:/Users/ranjeetkendre/.m2/repository/org/seleniumhq/selenium/selenium-http/4.9.0/selenium-http-4.9.0.jar:/Users/ranjeetkendre/.m2/repository/dev/failsafe/failsafe/3.3.1/failsafe-3.3.1.jar:/Users/ranjeetkendre/.m2/repository/org/seleniumhq/selenium/selenium-ie-driver/4.9.0/selenium-ie-driver-4.9.0.jar:/Users/ranjeetkendre/.m2/repository/org/seleniumhq/selenium/selenium-remote-driver/4.9.0/selenium-remote-driver-4.9.0.jar:/Users/ranjeetkendre/.m2/repository/io/netty/netty-buffer/4.1.91.Final/netty-buffer-4.1.91.Final.jar:/Users/ranjeetkendre/.m2/repository/io/netty/netty-codec-http/4.1.91.Final/netty-codec-http-4.1.91.Final.jar:/Users/ranjeetkendre/.m2/repository/io/netty/netty-codec/4.1.91.Final/netty-codec-4.1.91.Final.jar:/Users/ranjeetkendre/.m2/repository/io/netty/netty-handler/4.1.91.Final/netty-handler-4.1.91.Final.jar:/Users/ranjeetkendre/.m2/repository/io/netty/netty-common/4.1.91.Final/netty-common-4.1.91.Final.jar:/Users/ranjeetkendre/.m2/repository/io/netty/netty-transport-classes-epoll/4.1.91.Final/netty-transport-classes-epoll-4.1.91.Final.jar:/Users/ranjeetkendre/.m2/repository/io/netty/netty-transport-classes-kqueue/4.1.91.Final/netty-transport-classes-kqueue-4.1.91.Final.jar:/Users/ranjeetkendre/.m2/repository/io/netty/netty-transport-native-epoll/4.1.91.Final/netty-transport-native-epoll-4.1.91.Final.jar:/Users/ranjeetkendre/.m2/repository/io/netty/netty-transport-native-kqueue/4.1.91.Final/netty-transport-native-kqueue-4.1.91.Final.jar:/Users/ranjeetkendre/.m2/repository/io/netty/netty-transport-native-unix-common/4.1.91.Final/netty-transport-native-unix-common-4.1.91.Final.jar:/Users/ranjeetkendre/.m2/repository/io/netty/netty-transport/4.1.91.Final/netty-transport-4.1.91.Final.jar:/Users/ranjeetkendre/.m2/repository/io/netty/netty-resolver/4.1.91.Final/netty-resolver-4.1.91.Final.jar:/Users/ranjeetkendre/.m2/repository/io/opentelemetry/opentelemetry-api/1.25.0/opentelemetry-api-1.25.0.jar:/Users/ranjeetkendre/.m2/repository/io/opentelemetry/opentelemetry-context/1.25.0/opentelemetry-context-1.25.0.jar:/Users/ranjeetkendre/.m2/repository/io/opentelemetry/opentelemetry-exporter-logging/1.25.0/opentelemetry-exporter-logging-1.25.0.jar:/Users/ranjeetkendre/.m2/repository/io/opentelemetry/opentelemetry-sdk-metrics/1.25.0/opentelemetry-sdk-metrics-1.25.0.jar:/Users/ranjeetkendre/.m2/repository/io/opentelemetry/opentelemetry-sdk-logs/1.25.0-alpha/opentelemetry-sdk-logs-1.25.0-alpha.jar:/Users/ranjeetkendre/.m2/repository/io/opentelemetry/opentelemetry-api-logs/1.25.0-alpha/opentelemetry-api-logs-1.25.0-alpha.jar:/Users/ranjeetkendre/.m2/repository/io/opentelemetry/opentelemetry-api-events/1.25.0-alpha/opentelemetry-api-events-1.25.0-alpha.jar:/Users/ranjeetkendre/.m2/repository/io/opentelemetry/opentelemetry-sdk-common/1.25.0/opentelemetry-sdk-common-1.25.0.jar:/Users/ranjeetkendre/.m2/repository/io/opentelemetry/opentelemetry-sdk-extension-autoconfigure-spi/1.25.0/opentelemetry-sdk-extension-autoconfigure-spi-1.25.0.jar:/Users/ranjeetkendre/.m2/repository/io/opentelemetry/opentelemetry-sdk-extension-autoconfigure/1.25.0-alpha/opentelemetry-sdk-extension-autoconfigure-1.25.0-alpha.jar:/Users/ranjeetkendre/.m2/repository/io/opentelemetry/opentelemetry-sdk-trace/1.25.0/opentelemetry-sdk-trace-1.25.0.jar:/Users/ranjeetkendre/.m2/repository/io/opentelemetry/opentelemetry-sdk/1.25.0/opentelemetry-sdk-1.25.0.jar:/Users/ranjeetkendre/.m2/repository/io/opentelemetry/opentelemetry-semconv/1.25.0-alpha/opentelemetry-semconv-1.25.0-alpha.jar:/Users/ranjeetkendre/.m2/repository/io/ous/jtoml/2.0.0/jtoml-2.0.0.jar:/Users/ranjeetkendre/.m2/repository/net/bytebuddy/byte-buddy/1.14.4/byte-buddy-1.14.4.jar:/Users/ranjeetkendre/.m2/repository/org/apache/commons/commons-exec/1.3/commons-exec-1.3.jar:/Users/ranjeetkendre/.m2/repository/org/asynchttpclient/async-http-client/2.12.3/async-http-client-2.12.3.jar:/Users/ranjeetkendre/.m2/repository/org/asynchttpclient/async-http-client-netty-utils/2.12.3/async-http-client-netty-utils-2.12.3.jar:/Users/ranjeetkendre/.m2/repository/io/netty/netty-codec-socks/4.1.60.Final/netty-codec-socks-4.1.60.Final.jar:/Users/ranjeetkendre/.m2/repository/io/netty/netty-handler-proxy/4.1.60.Final/netty-handler-proxy-4.1.60.Final.jar:/Users/ranjeetkendre/.m2/repository/io/netty/netty-transport-native-epoll/4.1.60.Final/netty-transport-native-epoll-4.1.60.Final-linux-x86_64.jar:/Users/ranjeetkendre/.m2/repository/io/netty/netty-transport-native-kqueue/4.1.60.Final/netty-transport-native-kqueue-4.1.60.Final-osx-x86_64.jar:/Users/ranjeetkendre/.m2/repository/org/reactivestreams/reactive-streams/1.0.3/reactive-streams-1.0.3.jar:/Users/ranjeetkendre/.m2/repository/com/typesafe/netty/netty-reactive-streams/2.0.4/netty-reactive-streams-2.0.4.jar:/Users/ranjeetkendre/.m2/repository/com/sun/activation/jakarta.activation/1.2.2/jakarta.activation-1.2.2.jar:/Users/ranjeetkendre/.m2/repository/org/seleniumhq/selenium/selenium-safari-driver/4.9.0/selenium-safari-driver-4.9.0.jar:/Users/ranjeetkendre/.m2/repository/org/seleniumhq/selenium/selenium-support/4.9.0/selenium-support-4.9.0.jar:/Users/ranjeetkendre/.m2/repository/org/testng/testng/7.7.1/testng-7.7.1.jar:/Users/ranjeetkendre/.m2/repository/com/beust/jcommander/1.82/jcommander-1.82.jar:/Users/ranjeetkendre/.m2/repository/org/webjars/jquery/3.6.1/jquery-3.6.1.jar:/Users/ranjeetkendre/.m2/repository/org/apache/poi/poi/5.2.3/poi-5.2.3.jar:/Users/ranjeetkendre/.m2/repository/commons-codec/commons-codec/1.15/commons-codec-1.15.jar:/Users/ranjeetkendre/.m2/repository/org/apache/commons/commons-math3/3.6.1/commons-math3-3.6.1.jar:/Users/ranjeetkendre/.m2/repository/com/zaxxer/SparseBitSet/1.2/SparseBitSet-1.2.jar:/Users/ranjeetkendre/.m2/repository/log4j/log4j/1.2.17/log4j-1.2.17.jar:/Users/ranjeetkendre/.m2/repository/org/slf4j/slf4j-api/2.0.7/slf4j-api-2.0.7.jar:/Users/ranjeetkendre/.m2/repository/com/aventstack/extentreports/3.0.0/extentreports-3.0.0.jar:/Users/ranjeetkendre/.m2/repository/org/freemarker/freemarker/2.3.23/freemarker-2.3.23.jar:/Users/ranjeetkendre/.m2/repository/org/mongodb/mongodb-driver/3.3.0/mongodb-driver-3.3.0.jar:/Users/ranjeetkendre/.m2/repository/org/mongodb/bson/3.3.0/bson-3.3.0.jar:/Users/ranjeetkendre/.m2/repository/org/mongodb/mongodb-driver-core/3.3.0/mongodb-driver-core-3.3.0.jar:/Users/ranjeetkendre/.m2/repository/org/apache/httpcomponents/httpclient/4.5.2/httpclient-4.5.2.jar:/Users/ranjeetkendre/.m2/repository/org/apache/httpcomponents/httpcore/4.4.4/httpcore-4.4.4.jar:/Users/ranjeetkendre/.m2/repository/commons-logging/commons-logging/1.2/commons-logging-1.2.jar:/Users/ranjeetkendre/.m2/repository/org/apache/httpcomponents/httpmime/4.5.2/httpmime-4.5.2.jar:"/>
    <property name="sun.cpu.endian" value="little"/>
    <property name="user.home" value="/Users/ranjeetkendre"/>
    <property name="user.language" value="en"/>
    <property name="java.specification.vendor" value="Oracle Corporation"/>
    <property name="java.version.date" value="2022-04-22"/>
    <property name="java.home" value="/Library/Java/JavaVirtualMachines/jdk-18.0.1.1.jdk/Contents/Home"/>
    <property name="file.separator" value="/"/>
    <property name="basedir" value="/Users/ranjeetkendre/eclipse-workspace/11March_Automation_Framework"/>
    <property name="java.vm.compressedOopsMode" value="Zero based"/>
    <property name="line.separator" value="&#10;"/>
    <property name="java.vm.specification.vendor" value="Oracle Corporation"/>
    <property name="java.specification.name" value="Java Platform API Specification"/>
    <property name="apple.awt.application.name" value="ForkedBooter"/>
    <property name="surefire.real.class.path" value="/Users/ranjeetkendre/eclipse-workspace/11March_Automation_Framework/target/surefire/surefirebooter-20230724202526576_3.jar"/>
    <property name="sun.management.compiler" value="HotSpot 64-Bit Tiered Compilers"/>
    <property name="ftp.nonProxyHosts" value="local|*.local|169.254/16|*.169.254/16"/>
    <property name="java.runtime.version" value="18.0.1.1+2-6"/>
    <property name="user.name" value="ranjeetkendre"/>
    <property name="path.separator" value=":"/>
    <property name="os.version" value="13.4.1"/>
    <property name="java.runtime.name" value="Java(TM) SE Runtime Environment"/>
    <property name="file.encoding" value="UTF-8"/>
    <property name="java.vm.name" value="Java HotSpot(TM) 64-Bit Server VM"/>
    <property name="localRepository" value="/Users/ranjeetkendre/.m2/repository"/>
    <property name="java.vendor.url.bug" value="https://bugreport.java.com/bugreport/"/>
    <property name="java.io.tmpdir" value="/var/folders/lr/yy6cc25x09d_65khs6lnshpr0000gp/T/"/>
    <property name="java.version" value="18.0.1.1"/>
    <property name="user.dir" value="/Users/ranjeetkendre/eclipse-workspace/11March_Automation_Framework"/>
    <property name="os.arch" value="x86_64"/>
    <property name="java.vm.specification.name" value="Java Virtual Machine Specification"/>
    <property name="native.encoding" value="UTF-8"/>
    <property name="java.library.path" value="/Users/ranjeetkendre/Library/Java/Extensions:/Library/Java/Extensions:/Network/Library/Java/Extensions:/System/Library/Java/Extensions:/usr/lib/java:."/>
    <property name="java.vm.info" value="mixed mode, sharing"/>
    <property name="java.vendor" value="Oracle Corporation"/>
    <property name="java.vm.version" value="18.0.1.1+2-6"/>
    <property name="sun.io.unicode.encoding" value="UnicodeBig"/>
    <property name="socksNonProxyHosts" value="local|*.local|169.254/16|*.169.254/16"/>
    <property name="java.class.version" value="62.0"/>
  </properties>
  <testcase name="Registration" classname="Com.Ecommerce.TestCases.TC_NewRegistrationTestCases" time="0.0">
    <skipped message="no such window: target window already closed&#10;from unknown error: web view not found&#10;  (Session info: chrome=114.0.5735.198)&#10;Build info: version: &apos;4.9.0&apos;, revision: &apos;d7057100a6&apos;&#10;System info: os.name: &apos;Mac OS X&apos;, os.arch: &apos;x86_64&apos;, os.version: &apos;13.4.1&apos;, java.version: &apos;18.0.1.1&apos;&#10;Driver info: org.openqa.selenium.chrome.ChromeDriver&#10;Command: [83b494057b010ae63c906c5b7b249600, findElement {using=xpath, value=//div[contains(text(),&apos;Your registration completed&apos;)]}]&#10;Capabilities {acceptInsecureCerts: false, browserName: chrome, browserVersion: 114.0.5735.198, chrome: {chromedriverVersion: 113.0.5672.63 (0e1a4471d5ae..., userDataDir: /var/folders/lr/yy6cc25x09d...}, goog:chromeOptions: {debuggerAddress: localhost:61642}, networkConnectionEnabled: false, pageLoadStrategy: normal, platformName: MAC, proxy: Proxy(), se:cdp: ws://localhost:61642/devtoo..., se:cdpVersion: 114.0.5735.198, setWindowRect: true, strictFileInteractability: false, timeouts: {implicit: 0, pageLoad: 300000, script: 30000}, unhandledPromptBehavior: dismiss and notify, webauthn:extension:credBlob: true, webauthn:extension:largeBlob: true, webauthn:extension:minPinLength: true, webauthn:extension:prf: true, webauthn:virtualAuthenticators: true}&#10;Session ID: 83b494057b010ae63c906c5b7b249600"/>
    <system-out><![CDATA[/Users/ranjeetkendre/eclipse-workspace/11March_Automation_Framework/src/test/resources
 INFO [main] (Ecommerce_BaseClass.java:57)- Open browser
 INFO [main] (Ecommerce_BaseClass.java:61)- Maximize the browser
 INFO [main] (Ecommerce_BaseClass.java:69)- Open application
 INFO [main] (TC_NewRegistrationTestCases.java:29)- Click on the registration tab
 INFO [main] (TC_NewRegistrationTestCases.java:32)- Select gender
 INFO [main] (TC_NewRegistrationTestCases.java:35)- Enter users first name
 INFO [main] (TC_NewRegistrationTestCases.java:38)- Enter users Last name
 INFO [main] (TC_NewRegistrationTestCases.java:42)- Enter users mailid
 INFO [main] (TC_NewRegistrationTestCases.java:45)- Enter users password
 INFO [main] (TC_NewRegistrationTestCases.java:50)- Click on the registration tab
]]></system-out>
    <system-err><![CDATA[SLF4J: No SLF4J providers were found.
SLF4J: Defaulting to no-operation (NOP) logger implementation
SLF4J: See https://www.slf4j.org/codes.html#noProviders for further details.
ERROR StatusLogger Log4j2 could not find a logging implementation. Please add log4j-core to the classpath. Using SimpleLogger to log to the console...
Starting ChromeDriver 113.0.5672.63 (0e1a4471d5ae5bf128b1bd8f4d627c8cbd55f70c-refs/branch-heads/5672@{#912}) on port 8355
Only local connections are allowed.
Please see https://chromedriver.chromium.org/security-considerations for suggestions on keeping ChromeDriver safe.
ChromeDriver was started successfully.
[1690210533.087][WARNING]: This version of ChromeDriver has not been tested with Chrome version 114.
Jul 24, 2023 8:25:33 PM org.openqa.selenium.devtools.CdpVersionFinder findNearestMatch
WARNING: Unable to find an exact match for CDP version 114, so returning the closest version found: 112
]]></system-err>
  </testcase>
  <testcase name="Registration" classname="Com.Ecommerce.TestCases.TC_NewRegistrationTestCases" time="6.781">
    <system-out><![CDATA[ INFO [main] (Ecommerce_BaseClass.java:57)- Open browser
 INFO [main] (Ecommerce_BaseClass.java:61)- Maximize the browser
 INFO [main] (Ecommerce_BaseClass.java:69)- Open application
 INFO [main] (TC_NewRegistrationTestCases.java:29)- Click on the registration tab
 INFO [main] (TC_NewRegistrationTestCases.java:32)- Select gender
 INFO [main] (TC_NewRegistrationTestCases.java:35)- Enter users first name
 INFO [main] (TC_NewRegistrationTestCases.java:38)- Enter users Last name
 INFO [main] (TC_NewRegistrationTestCases.java:42)- Enter users mailid
 INFO [main] (TC_NewRegistrationTestCases.java:45)- Enter users password
 INFO [main] (TC_NewRegistrationTestCases.java:50)- Click on the registration tab
 INFO [main] (TC_NewRegistrationTestCases.java:58)- registration test case pass
]]></system-out>
    <system-err><![CDATA[Starting ChromeDriver 113.0.5672.63 (0e1a4471d5ae5bf128b1bd8f4d627c8cbd55f70c-refs/branch-heads/5672@{#912}) on port 34818
Only local connections are allowed.
Please see https://chromedriver.chromium.org/security-considerations for suggestions on keeping ChromeDriver safe.
ChromeDriver was started successfully.
[1690210550.947][WARNING]: This version of ChromeDriver has not been tested with Chrome version 114.
Jul 24, 2023 8:25:51 PM org.openqa.selenium.devtools.CdpVersionFinder findNearestMatch
WARNING: Unable to find an exact match for CDP version 114, so returning the closest version found: 112
]]></system-err>
  </testcase>
  <testcase name="Broken_Links" classname="Com.Ecommerce.TestCases.TC_BrokenLinks" time="54.761">
    <system-out><![CDATA[ INFO [main] (Ecommerce_BaseClass.java:57)- Open browser
 INFO [main] (Ecommerce_BaseClass.java:61)- Maximize the browser
 INFO [main] (Ecommerce_BaseClass.java:69)- Open application
Total links ==62
Active links ==61
200--->https://demo.nopcommerce.com/register?returnUrl=%2FloginIs--->Valid inks
200--->https://demo.nopcommerce.com/login?returnUrl=%2FloginIs--->Valid inks
200--->https://demo.nopcommerce.com/wishlistIs--->Valid inks
200--->https://demo.nopcommerce.com/cartIs--->Valid inks
200--->https://demo.nopcommerce.com/Is--->Valid inks
200--->https://demo.nopcommerce.com/computersIs--->Valid inks
200--->https://demo.nopcommerce.com/desktopsIs--->Valid inks
200--->https://demo.nopcommerce.com/notebooksIs--->Valid inks
200--->https://demo.nopcommerce.com/softwareIs--->Valid inks
200--->https://demo.nopcommerce.com/electronicsIs--->Valid inks
200--->https://demo.nopcommerce.com/camera-photoIs--->Valid inks
200--->https://demo.nopcommerce.com/cell-phonesIs--->Valid inks
200--->https://demo.nopcommerce.com/othersIs--->Valid inks
200--->https://demo.nopcommerce.com/apparelIs--->Valid inks
200--->https://demo.nopcommerce.com/shoesIs--->Valid inks
200--->https://demo.nopcommerce.com/clothingIs--->Valid inks
200--->https://demo.nopcommerce.com/accessoriesIs--->Valid inks
200--->https://demo.nopcommerce.com/digital-downloadsIs--->Valid inks
200--->https://demo.nopcommerce.com/booksIs--->Valid inks
200--->https://demo.nopcommerce.com/jewelryIs--->Valid inks
200--->https://demo.nopcommerce.com/gift-cardsIs--->Valid inks
200--->https://demo.nopcommerce.com/computersIs--->Valid inks
200--->https://demo.nopcommerce.com/desktopsIs--->Valid inks
200--->https://demo.nopcommerce.com/notebooksIs--->Valid inks
200--->https://demo.nopcommerce.com/softwareIs--->Valid inks
200--->https://demo.nopcommerce.com/electronicsIs--->Valid inks
200--->https://demo.nopcommerce.com/camera-photoIs--->Valid inks
200--->https://demo.nopcommerce.com/cell-phonesIs--->Valid inks
200--->https://demo.nopcommerce.com/othersIs--->Valid inks
200--->https://demo.nopcommerce.com/apparelIs--->Valid inks
200--->https://demo.nopcommerce.com/shoesIs--->Valid inks
200--->https://demo.nopcommerce.com/clothingIs--->Valid inks
200--->https://demo.nopcommerce.com/accessoriesIs--->Valid inks
200--->https://demo.nopcommerce.com/digital-downloadsIs--->Valid inks
200--->https://demo.nopcommerce.com/booksIs--->Valid inks
200--->https://demo.nopcommerce.com/jewelryIs--->Valid inks
200--->https://demo.nopcommerce.com/gift-cardsIs--->Valid inks
200--->https://demo.nopcommerce.com/passwordrecoveryIs--->Valid inks
200--->https://demo.nopcommerce.com/sitemapIs--->Valid inks
200--->https://demo.nopcommerce.com/shipping-returnsIs--->Valid inks
200--->https://demo.nopcommerce.com/privacy-noticeIs--->Valid inks
200--->https://demo.nopcommerce.com/conditions-of-useIs--->Valid inks
200--->https://demo.nopcommerce.com/about-usIs--->Valid inks
200--->https://demo.nopcommerce.com/contactusIs--->Valid inks
200--->https://demo.nopcommerce.com/searchIs--->Valid inks
200--->https://demo.nopcommerce.com/newsIs--->Valid inks
200--->https://demo.nopcommerce.com/blogIs--->Valid inks
200--->https://demo.nopcommerce.com/recentlyviewedproductsIs--->Valid inks
200--->https://demo.nopcommerce.com/compareproductsIs--->Valid inks
200--->https://demo.nopcommerce.com/newproductsIs--->Valid inks
302--->https://demo.nopcommerce.com/customer/infoIs--->Valid inks
302--->https://demo.nopcommerce.com/order/historyIs--->Valid inks
302--->https://demo.nopcommerce.com/customer/addressesIs--->Valid inks
200--->https://demo.nopcommerce.com/cartIs--->Valid inks
200--->https://demo.nopcommerce.com/wishlistIs--->Valid inks
302--->https://demo.nopcommerce.com/vendor/applyIs--->Valid inks
301--->http://www.facebook.com/nopCommerceIs--->Valid inks
302--->https://twitter.com/nopCommerceIs--->Valid inks
200--->https://demo.nopcommerce.com/news/rss/1Is--->Valid inks
301--->http://www.youtube.com/user/nopCommerceIs--->Valid inks
301--->https://www.nopcommerce.com/Is--->Valid inks
Number of broken links:0
]]></system-out>
    <system-err><![CDATA[Starting ChromeDriver 113.0.5672.63 (0e1a4471d5ae5bf128b1bd8f4d627c8cbd55f70c-refs/branch-heads/5672@{#912}) on port 9499
Only local connections are allowed.
Please see https://chromedriver.chromium.org/security-considerations for suggestions on keeping ChromeDriver safe.
ChromeDriver was started successfully.
[1690210568.962][WARNING]: This version of ChromeDriver has not been tested with Chrome version 114.
Jul 24, 2023 8:26:09 PM org.openqa.selenium.devtools.CdpVersionFinder findNearestMatch
WARNING: Unable to find an exact match for CDP version 114, so returning the closest version found: 112
]]></system-err>
  </testcase>
</testsuite>