<?xml version="1.0" encoding="UTF-8"?>
<!-- Generated by org.testng.reporters.JUnitReportReporter -->
<testsuite hostname="Ranjeet-MacBook-Pro.local" failures="0" tests="1" name="Com.Ecommerce.TestCases.TC_LoginApplication" time="20.273" errors="0" timestamp="2023-07-21T23:43:24 IST" skipped="0">
  <testcase classname="Com.Ecommerce.TestCases.TC_LoginApplication" name="Login" time="20.273"/>
  <system-out/>
</testsuite> <!-- Com.Ecommerce.TestCases.TC_LoginApplication -->
