<?xml version="1.0" encoding="UTF-8"?>
<!-- Generated by org.testng.reporters.JUnitReportReporter -->
<testsuite hostname="Ranjeet-MacBook-Pro.local" failures="0" tests="1" name="Com.Ecommerce.TestCases.TC_BrokenLinks" time="65.276" errors="0" timestamp="2023-07-24T20:27:10 IST" skipped="0">
  <testcase classname="Com.Ecommerce.TestCases.TC_BrokenLinks" name="Broken_Links" time="65.276"/>
  <system-out/>
</testsuite> <!-- Com.Ecommerce.TestCases.TC_BrokenLinks -->
