<?xml version="1.0" encoding="UTF-8"?>
<!-- Generated by org.testng.reporters.JUnitReportReporter -->
<testsuite hostname="Ranjeet-MacBook-Pro.local" failures="0" tests="2" name="Com.Ecommerce.TestCases.TC_NewRegistrationTestCases" time="37.255" errors="0" timestamp="2023-07-24T20:27:10 IST" skipped="1">
  <testcase classname="Com.Ecommerce.TestCases.TC_NewRegistrationTestCases" name="Registration" time="19.243"/>
  <system-out/>
  <testcase classname="Com.Ecommerce.TestCases.TC_NewRegistrationTestCases" name="Registration" time="18.012">
    <skipped/>
  </testcase> <!-- Registration -->
  <system-out/>
</testsuite> <!-- Com.Ecommerce.TestCases.TC_NewRegistrationTestCases -->
